C:/Program Files/Krita (x64)/bin/ffmpeg.exe -hide_banner -y -y -r 24 -start_number 0 -start_number_range 1 -i C:/Users/matth/Desktop/i have no clue/I-have-no-clue/the ball drop/My fan art/head spin%04d.png -i C:/Users/matth/Desktop/i have no clue/I-have-no-clue/the ball drop/My fan art/KritaTempPalettegen_%06d.png -lavfi [0:v][1:v]paletteuse=dither=sierra2_4a:diff_mode=none -f gif -loop 0 -gifflags +transdiff C:/Users/matth/Desktop/i have no clue/I-have-no-clue/the ball drop/My fan art/head spin.gif
=====================================================
Input #0, image2, from 'C:/Users/matth/Desktop/i have no clue/I-have-no-clue/the ball drop/My fan art/head spin%04d.png':
  Duration: 00:00:01.00, start: 0.000000, bitrate: N/A
  Stream #0:0: Video: png, rgba(pc), 1920x1080 [SAR 9448:9448 DAR 16:9], 25 fps, 25 tbr, 25 tbn, 25 tbc
Input #1, image2, from 'C:/Users/matth/Desktop/i have no clue/I-have-no-clue/the ball drop/My fan art/KritaTempPalettegen_%06d.png':
  Duration: 00:00:00.04, start: 0.000000, bitrate: N/A
  Stream #1:0: Video: png, rgba(pc), 16x16 [SAR 1:1 DAR 1:1], 25 fps, 25 tbr, 25 tbn, 25 tbc
Stream mapping:
  Stream #0:0 (png) -> paletteuse:default
  Stream #1:0 (png) -> paletteuse:palette
  paletteuse -> Stream #0:0 (gif)
Press [q] to stop, [?] for help
[image2 @ 0000019f941cc480] Thread message queue blocking; consider raising the thread_queue_size option (current value: 8)
Output #0, gif, to 'C:/Users/matth/Desktop/i have no clue/I-have-no-clue/the ball drop/My fan art/head spin.gif':
  Metadata:
    encoder         : Lavf58.76.100
  Stream #0:0: Video: gif, pal8(pc, gbr/unknown/unknown, progressive), 1920x1080 [SAR 1:1 DAR 16:9], q=2-31, 200 kb/s, 24 fps, 100 tbn (default)
    Metadata:
      encoder         : Lavc58.134.100 gif
frame=    1 fps=0.0 q=-0.0 size=       0kB time=00:00:00.01 bitrate=   0.0kbits/s speed=0.245x    frame=   10 fps=0.0 q=-0.0 size=     144kB time=00:00:00.39 bitrate=3015.2kbits/s speed=0.668x    frame=   19 fps= 17 q=-0.0 size=     256kB time=00:00:00.76 bitrate=2759.4kbits/s speed=0.681x    frame=   25 fps= 17 q=-0.0 Lsize=     328kB time=00:00:01.01 bitrate=2662.2kbits/s speed=0.695x    
video:328kB audio:0kB subtitle:0kB other streams:0kB global headers:0kB muxing overhead: 0.005951%
